Created log file at "/tmp/Alacritty-4009.log"
[0.000008941s] [INFO ] [alacritty] Welcome to Alacritty
[0.000080728s] [INFO ] [alacritty] Version 0.13.2 (bb8ea18e)
[0.000089390s] [INFO ] [alacritty] Running on X11
[0.002815384s] [INFO ] [alacritty] Configuration files loaded from:
                                     "/home/kai/.config/alacritty/alacritty.toml"
[0.006120435s] [INFO ] [alacritty] Using GLX 1.4
[0.085240131s] [INFO ] [alacritty] Window scale factor: 1.5
[0.102307949s] [INFO ] [alacritty] Running on Mesa Intel(R) Graphics (ADL GT2)
[0.102331008s] [INFO ] [alacritty] OpenGL version 4.6 (Core Profile) Mesa 24.1.3-arch1.1, shader_version 4.60
[0.102334073s] [INFO ] [alacritty] Using OpenGL 3.3 renderer
[0.116021893s] [INFO ] [alacritty] Cell size: 14 x 30
[0.116051578s] [INFO ] [alacritty] Padding: 22 x 22
[0.116054575s] [INFO ] [alacritty] Width: 800, Height: 600
[0.123307409s] [INFO ] [alacritty] PTY dimensions: 18 x 54
[0.125303765s] [INFO ] [alacritty] Initialisation complete
[0.126217600s] [INFO ] [alacritty] Padding: 22 x 22
[0.126229728s] [INFO ] [alacritty] Width: 457, Height: 493
[4.452904631s] [INFO ] [alacritty] Padding: 22 x 22
[4.452934318s] [INFO ] [alacritty] Width: 457, Height: 247
[5.006705861s] [INFO ] [alacritty] Padding: 22 x 22
[5.006912023s] [INFO ] [alacritty] Width: 457, Height: 493
[5.551627204s] [INFO ] [alacritty] Goodbye
Deleted log file at "/tmp/Alacritty-4009.log"
